<?xml version="1.0" encoding="UTF-8"?>
<!-- Generated by org.testng.reporters.JUnitReportReporter -->
<testsuite hostname="Whisper" name="TestNG.addbook" tests="1" failures="0" timestamp="1 Nov 2019 05:35:51 GMT" time="11.001" errors="0">
  <testcase name="verifyaddbook" time="11.001" classname="TestNG.addbook"/>
</testsuite> <!-- TestNG.addbook -->
